24-08-02.13:16:52.492 [main            ] INFO  Application            - Starting Application using Java 17.0.10 on dongzhichengdeMacBook-Air.local with PID 77455 (/Users/dongzhicheng/Desktop/Project/big-market/big-market-app/target/classes started by dongzhicheng in /Users/dongzhicheng/Desktop/Project/big-market)
24-08-02.13:16:52.493 [main            ] INFO  Application            - The following 1 profile is active: "dev"
24-08-02.13:16:53.100 [main            ] INFO  RepositoryConfigurationDelegate - Multiple Spring Data modules found, entering strict repository configuration mode
24-08-02.13:16:53.101 [main            ] INFO  RepositoryConfigurationDelegate - Bootstrapping Spring Data Redis repositories in DEFAULT mode.
24-08-02.13:16:53.120 [main            ] INFO  RepositoryConfigurationDelegate - Finished Spring Data repository scanning in 11 ms. Found 0 Redis repository interfaces.
24-08-02.13:16:53.639 [main            ] INFO  TomcatWebServer        - Tomcat initialized with port(s): 8091 (http)
24-08-02.13:16:53.648 [main            ] INFO  Http11NioProtocol      - Initializing ProtocolHandler ["http-nio-8091"]
24-08-02.13:16:53.648 [main            ] INFO  StandardService        - Starting service [Tomcat]
24-08-02.13:16:53.648 [main            ] INFO  StandardEngine         - Starting Servlet engine: [Apache Tomcat/9.0.75]
24-08-02.13:16:53.716 [main            ] INFO  [/]                    - Initializing Spring embedded WebApplicationContext
24-08-02.13:16:53.716 [main            ] INFO  ServletWebServerApplicationContext - Root WebApplicationContext: initialization completed in 1202 ms
24-08-02.13:16:53.978 [main            ] INFO  Version                - Redisson 3.26.0
24-08-02.13:16:53.996 [main            ] WARN  DnsServerAddressStreamProviders - Can not find io.netty.resolver.dns.macos.MacOSDnsServerAddressStreamProvider in the classpath, fallback to system defaults. This may result in incorrect DNS resolutions on MacOS. Check whether you have a dependency on 'io.netty:netty-resolver-dns-native-macos'
24-08-02.13:16:54.073 [redisson-netty-1-4] INFO  ConnectionsHolder      - 1 connections initialized for 127.0.0.1/127.0.0.1:6379
24-08-02.13:16:54.084 [redisson-netty-1-13] INFO  ConnectionsHolder      - 5 connections initialized for 127.0.0.1/127.0.0.1:6379
24-08-02.13:16:54.824 [main            ] INFO  EndpointLinksResolver  - Exposing 1 endpoint(s) beneath base path '/actuator'
24-08-02.13:16:54.886 [main            ] INFO  ConsumerConfig         - ConsumerConfig values: 
	allow.auto.create.topics = true
	auto.commit.interval.ms = 1000
	auto.offset.reset = earliest
	bootstrap.servers = [localhost:9092]
	check.crcs = true
	client.dns.lookup = use_all_dns_ips
	client.id = consumer-raffle-group-1
	client.rack = 
	connections.max.idle.ms = 540000
	default.api.timeout.ms = 60000
	enable.auto.commit = false
	exclude.internal.topics = true
	fetch.max.bytes = 52428800
	fetch.max.wait.ms = 500
	fetch.min.bytes = 1
	group.id = raffle-group
	group.instance.id = null
	heartbeat.interval.ms = 3000
	interceptor.classes = []
	internal.leave.group.on.close = true
	internal.throw.on.fetch.stable.offset.unsupported = false
	isolation.level = read_uncommitted
	key.deserializer = class org.apache.kafka.common.serialization.StringDeserializer
	max.partition.fetch.bytes = 1048576
	max.poll.interval.ms = 300000
	max.poll.records = 500
	metadata.max.age.ms = 300000
	metric.reporters = []
	metrics.num.samples = 2
	metrics.recording.level = INFO
	metrics.sample.window.ms = 30000
	partition.assignment.strategy = [class org.apache.kafka.clients.consumer.RangeAssignor, class org.apache.kafka.clients.consumer.CooperativeStickyAssignor]
	receive.buffer.bytes = 65536
	reconnect.backoff.max.ms = 1000
	reconnect.backoff.ms = 50
	request.timeout.ms = 30000
	retry.backoff.ms = 100
	sasl.client.callback.handler.class = null
	sasl.jaas.config = null
	sasl.kerberos.kinit.cmd = /usr/bin/kinit
	sasl.kerberos.min.time.before.relogin = 60000
	sasl.kerberos.service.name = null
	sasl.kerberos.ticket.renew.jitter = 0.05
	sasl.kerberos.ticket.renew.window.factor = 0.8
	sasl.login.callback.handler.class = null
	sasl.login.class = null
	sasl.login.connect.timeout.ms = null
	sasl.login.read.timeout.ms = null
	sasl.login.refresh.buffer.seconds = 300
	sasl.login.refresh.min.period.seconds = 60
	sasl.login.refresh.window.factor = 0.8
	sasl.login.refresh.window.jitter = 0.05
	sasl.login.retry.backoff.max.ms = 10000
	sasl.login.retry.backoff.ms = 100
	sasl.mechanism = GSSAPI
	sasl.oauthbearer.clock.skew.seconds = 30
	sasl.oauthbearer.expected.audience = null
	sasl.oauthbearer.expected.issuer = null
	sasl.oauthbearer.jwks.endpoint.refresh.ms = 3600000
	sasl.oauthbearer.jwks.endpoint.retry.backoff.max.ms = 10000
	sasl.oauthbearer.jwks.endpoint.retry.backoff.ms = 100
	sasl.oauthbearer.jwks.endpoint.url = null
	sasl.oauthbearer.scope.claim.name = scope
	sasl.oauthbearer.sub.claim.name = sub
	sasl.oauthbearer.token.endpoint.url = null
	security.protocol = PLAINTEXT
	security.providers = null
	send.buffer.bytes = 131072
	session.timeout.ms = 45000
	socket.connection.setup.timeout.max.ms = 30000
	socket.connection.setup.timeout.ms = 10000
	ssl.cipher.suites = null
	ssl.enabled.protocols = [TLSv1.2, TLSv1.3]
	ssl.endpoint.identification.algorithm = https
	ssl.engine.factory.class = null
	ssl.key.password = null
	ssl.keymanager.algorithm = SunX509
	ssl.keystore.certificate.chain = null
	ssl.keystore.key = null
	ssl.keystore.location = null
	ssl.keystore.password = null
	ssl.keystore.type = JKS
	ssl.protocol = TLSv1.3
	ssl.provider = null
	ssl.secure.random.implementation = null
	ssl.trustmanager.algorithm = PKIX
	ssl.truststore.certificates = null
	ssl.truststore.location = null
	ssl.truststore.password = null
	ssl.truststore.type = JKS
	value.deserializer = class org.apache.kafka.common.serialization.StringDeserializer

24-08-02.13:16:54.927 [main            ] INFO  AppInfoParser          - Kafka version: 3.1.2
24-08-02.13:16:54.927 [main            ] INFO  AppInfoParser          - Kafka commitId: f8c67dc3ae0a3265
24-08-02.13:16:54.927 [main            ] INFO  AppInfoParser          - Kafka startTimeMs: 1722575814926
24-08-02.13:16:54.938 [main            ] INFO  KafkaConsumer          - [Consumer clientId=consumer-raffle-group-1, groupId=raffle-group] Subscribed to topic(s): send_award
24-08-02.13:16:54.942 [main            ] INFO  ConsumerConfig         - ConsumerConfig values: 
	allow.auto.create.topics = true
	auto.commit.interval.ms = 1000
	auto.offset.reset = earliest
	bootstrap.servers = [localhost:9092]
	check.crcs = true
	client.dns.lookup = use_all_dns_ips
	client.id = consumer-raffle-group-2
	client.rack = 
	connections.max.idle.ms = 540000
	default.api.timeout.ms = 60000
	enable.auto.commit = false
	exclude.internal.topics = true
	fetch.max.bytes = 52428800
	fetch.max.wait.ms = 500
	fetch.min.bytes = 1
	group.id = raffle-group
	group.instance.id = null
	heartbeat.interval.ms = 3000
	interceptor.classes = []
	internal.leave.group.on.close = true
	internal.throw.on.fetch.stable.offset.unsupported = false
	isolation.level = read_uncommitted
	key.deserializer = class org.apache.kafka.common.serialization.StringDeserializer
	max.partition.fetch.bytes = 1048576
	max.poll.interval.ms = 300000
	max.poll.records = 500
	metadata.max.age.ms = 300000
	metric.reporters = []
	metrics.num.samples = 2
	metrics.recording.level = INFO
	metrics.sample.window.ms = 30000
	partition.assignment.strategy = [class org.apache.kafka.clients.consumer.RangeAssignor, class org.apache.kafka.clients.consumer.CooperativeStickyAssignor]
	receive.buffer.bytes = 65536
	reconnect.backoff.max.ms = 1000
	reconnect.backoff.ms = 50
	request.timeout.ms = 30000
	retry.backoff.ms = 100
	sasl.client.callback.handler.class = null
	sasl.jaas.config = null
	sasl.kerberos.kinit.cmd = /usr/bin/kinit
	sasl.kerberos.min.time.before.relogin = 60000
	sasl.kerberos.service.name = null
	sasl.kerberos.ticket.renew.jitter = 0.05
	sasl.kerberos.ticket.renew.window.factor = 0.8
	sasl.login.callback.handler.class = null
	sasl.login.class = null
	sasl.login.connect.timeout.ms = null
	sasl.login.read.timeout.ms = null
	sasl.login.refresh.buffer.seconds = 300
	sasl.login.refresh.min.period.seconds = 60
	sasl.login.refresh.window.factor = 0.8
	sasl.login.refresh.window.jitter = 0.05
	sasl.login.retry.backoff.max.ms = 10000
	sasl.login.retry.backoff.ms = 100
	sasl.mechanism = GSSAPI
	sasl.oauthbearer.clock.skew.seconds = 30
	sasl.oauthbearer.expected.audience = null
	sasl.oauthbearer.expected.issuer = null
	sasl.oauthbearer.jwks.endpoint.refresh.ms = 3600000
	sasl.oauthbearer.jwks.endpoint.retry.backoff.max.ms = 10000
	sasl.oauthbearer.jwks.endpoint.retry.backoff.ms = 100
	sasl.oauthbearer.jwks.endpoint.url = null
	sasl.oauthbearer.scope.claim.name = scope
	sasl.oauthbearer.sub.claim.name = sub
	sasl.oauthbearer.token.endpoint.url = null
	security.protocol = PLAINTEXT
	security.providers = null
	send.buffer.bytes = 131072
	session.timeout.ms = 45000
	socket.connection.setup.timeout.max.ms = 30000
	socket.connection.setup.timeout.ms = 10000
	ssl.cipher.suites = null
	ssl.enabled.protocols = [TLSv1.2, TLSv1.3]
	ssl.endpoint.identification.algorithm = https
	ssl.engine.factory.class = null
	ssl.key.password = null
	ssl.keymanager.algorithm = SunX509
	ssl.keystore.certificate.chain = null
	ssl.keystore.key = null
	ssl.keystore.location = null
	ssl.keystore.password = null
	ssl.keystore.type = JKS
	ssl.protocol = TLSv1.3
	ssl.provider = null
	ssl.secure.random.implementation = null
	ssl.trustmanager.algorithm = PKIX
	ssl.truststore.certificates = null
	ssl.truststore.location = null
	ssl.truststore.password = null
	ssl.truststore.type = JKS
	value.deserializer = class org.apache.kafka.common.serialization.StringDeserializer

24-08-02.13:16:54.945 [main            ] INFO  AppInfoParser          - Kafka version: 3.1.2
24-08-02.13:16:54.946 [main            ] INFO  AppInfoParser          - Kafka commitId: f8c67dc3ae0a3265
24-08-02.13:16:54.946 [main            ] INFO  AppInfoParser          - Kafka startTimeMs: 1722575814945
24-08-02.13:16:54.955 [main            ] INFO  KafkaConsumer          - [Consumer clientId=consumer-raffle-group-2, groupId=raffle-group] Subscribed to topic(s): activity_sku_stock_zero
24-08-02.13:16:54.957 [main            ] INFO  ConsumerConfig         - ConsumerConfig values: 
	allow.auto.create.topics = true
	auto.commit.interval.ms = 1000
	auto.offset.reset = earliest
	bootstrap.servers = [localhost:9092]
	check.crcs = true
	client.dns.lookup = use_all_dns_ips
	client.id = consumer-raffle-group-3
	client.rack = 
	connections.max.idle.ms = 540000
	default.api.timeout.ms = 60000
	enable.auto.commit = false
	exclude.internal.topics = true
	fetch.max.bytes = 52428800
	fetch.max.wait.ms = 500
	fetch.min.bytes = 1
	group.id = raffle-group
	group.instance.id = null
	heartbeat.interval.ms = 3000
	interceptor.classes = []
	internal.leave.group.on.close = true
	internal.throw.on.fetch.stable.offset.unsupported = false
	isolation.level = read_uncommitted
	key.deserializer = class org.apache.kafka.common.serialization.StringDeserializer
	max.partition.fetch.bytes = 1048576
	max.poll.interval.ms = 300000
	max.poll.records = 500
	metadata.max.age.ms = 300000
	metric.reporters = []
	metrics.num.samples = 2
	metrics.recording.level = INFO
	metrics.sample.window.ms = 30000
	partition.assignment.strategy = [class org.apache.kafka.clients.consumer.RangeAssignor, class org.apache.kafka.clients.consumer.CooperativeStickyAssignor]
	receive.buffer.bytes = 65536
	reconnect.backoff.max.ms = 1000
	reconnect.backoff.ms = 50
	request.timeout.ms = 30000
	retry.backoff.ms = 100
	sasl.client.callback.handler.class = null
	sasl.jaas.config = null
	sasl.kerberos.kinit.cmd = /usr/bin/kinit
	sasl.kerberos.min.time.before.relogin = 60000
	sasl.kerberos.service.name = null
	sasl.kerberos.ticket.renew.jitter = 0.05
	sasl.kerberos.ticket.renew.window.factor = 0.8
	sasl.login.callback.handler.class = null
	sasl.login.class = null
	sasl.login.connect.timeout.ms = null
	sasl.login.read.timeout.ms = null
	sasl.login.refresh.buffer.seconds = 300
	sasl.login.refresh.min.period.seconds = 60
	sasl.login.refresh.window.factor = 0.8
	sasl.login.refresh.window.jitter = 0.05
	sasl.login.retry.backoff.max.ms = 10000
	sasl.login.retry.backoff.ms = 100
	sasl.mechanism = GSSAPI
	sasl.oauthbearer.clock.skew.seconds = 30
	sasl.oauthbearer.expected.audience = null
	sasl.oauthbearer.expected.issuer = null
	sasl.oauthbearer.jwks.endpoint.refresh.ms = 3600000
	sasl.oauthbearer.jwks.endpoint.retry.backoff.max.ms = 10000
	sasl.oauthbearer.jwks.endpoint.retry.backoff.ms = 100
	sasl.oauthbearer.jwks.endpoint.url = null
	sasl.oauthbearer.scope.claim.name = scope
	sasl.oauthbearer.sub.claim.name = sub
	sasl.oauthbearer.token.endpoint.url = null
	security.protocol = PLAINTEXT
	security.providers = null
	send.buffer.bytes = 131072
	session.timeout.ms = 45000
	socket.connection.setup.timeout.max.ms = 30000
	socket.connection.setup.timeout.ms = 10000
	ssl.cipher.suites = null
	ssl.enabled.protocols = [TLSv1.2, TLSv1.3]
	ssl.endpoint.identification.algorithm = https
	ssl.engine.factory.class = null
	ssl.key.password = null
	ssl.keymanager.algorithm = SunX509
	ssl.keystore.certificate.chain = null
	ssl.keystore.key = null
	ssl.keystore.location = null
	ssl.keystore.password = null
	ssl.keystore.type = JKS
	ssl.protocol = TLSv1.3
	ssl.provider = null
	ssl.secure.random.implementation = null
	ssl.trustmanager.algorithm = PKIX
	ssl.truststore.certificates = null
	ssl.truststore.location = null
	ssl.truststore.password = null
	ssl.truststore.type = JKS
	value.deserializer = class org.apache.kafka.common.serialization.StringDeserializer

24-08-02.13:16:54.960 [main            ] INFO  AppInfoParser          - Kafka version: 3.1.2
24-08-02.13:16:54.960 [main            ] INFO  AppInfoParser          - Kafka commitId: f8c67dc3ae0a3265
24-08-02.13:16:54.960 [main            ] INFO  AppInfoParser          - Kafka startTimeMs: 1722575814960
24-08-02.13:16:54.963 [main            ] INFO  KafkaConsumer          - [Consumer clientId=consumer-raffle-group-3, groupId=raffle-group] Subscribed to topic(s): send_rebate
24-08-02.13:16:54.964 [main            ] INFO  Http11NioProtocol      - Starting ProtocolHandler ["http-nio-8091"]
24-08-02.13:16:54.978 [main            ] INFO  TomcatWebServer        - Tomcat started on port(s): 8091 (http) with context path ''
24-08-02.13:16:54.989 [main            ] INFO  Application            - Started Application in 2.78 seconds (JVM running for 3.597)
24-08-02.13:16:55.015 [scheduling-1    ] INFO  HikariDataSource       - Retail_HikariCP - Starting...
24-08-02.13:16:55.205 [org.springframework.kafka.KafkaListenerEndpointContainer#0-0-C-1] INFO  Metadata               - [Consumer clientId=consumer-raffle-group-2, groupId=raffle-group] Resetting the last seen epoch of partition activity_sku_stock_zero-0 to 0 since the associated topicId changed from null to jqFwqYTlTxGdW4b6Nx-a3A
24-08-02.13:16:55.205 [org.springframework.kafka.KafkaListenerEndpointContainer#1-0-C-1] INFO  Metadata               - [Consumer clientId=consumer-raffle-group-3, groupId=raffle-group] Resetting the last seen epoch of partition send_rebate-0 to 0 since the associated topicId changed from null to 1w6y4glpTnyV3pGMgg28Sg
24-08-02.13:16:55.205 [org.springframework.kafka.KafkaListenerEndpointContainer#2-0-C-1] INFO  Metadata               - [Consumer clientId=consumer-raffle-group-1, groupId=raffle-group] Resetting the last seen epoch of partition send_award-0 to 0 since the associated topicId changed from null to Q17VyhiHSOOw5eibgG1l-Q
24-08-02.13:16:55.207 [org.springframework.kafka.KafkaListenerEndpointContainer#0-0-C-1] INFO  Metadata               - [Consumer clientId=consumer-raffle-group-2, groupId=raffle-group] Cluster ID: rB2EuGLvQdi61OETC-XyQw
24-08-02.13:16:55.207 [org.springframework.kafka.KafkaListenerEndpointContainer#2-0-C-1] INFO  Metadata               - [Consumer clientId=consumer-raffle-group-1, groupId=raffle-group] Cluster ID: rB2EuGLvQdi61OETC-XyQw
24-08-02.13:16:55.207 [org.springframework.kafka.KafkaListenerEndpointContainer#1-0-C-1] INFO  Metadata               - [Consumer clientId=consumer-raffle-group-3, groupId=raffle-group] Cluster ID: rB2EuGLvQdi61OETC-XyQw
24-08-02.13:16:55.208 [org.springframework.kafka.KafkaListenerEndpointContainer#0-0-C-1] INFO  ConsumerCoordinator    - [Consumer clientId=consumer-raffle-group-2, groupId=raffle-group] Discovered group coordinator kafka:9092 (id: 2147483646 rack: null)
24-08-02.13:16:55.209 [org.springframework.kafka.KafkaListenerEndpointContainer#2-0-C-1] INFO  ConsumerCoordinator    - [Consumer clientId=consumer-raffle-group-1, groupId=raffle-group] Discovered group coordinator kafka:9092 (id: 2147483646 rack: null)
24-08-02.13:16:55.209 [org.springframework.kafka.KafkaListenerEndpointContainer#1-0-C-1] INFO  ConsumerCoordinator    - [Consumer clientId=consumer-raffle-group-3, groupId=raffle-group] Discovered group coordinator kafka:9092 (id: 2147483646 rack: null)
24-08-02.13:16:55.219 [org.springframework.kafka.KafkaListenerEndpointContainer#2-0-C-1] INFO  ConsumerCoordinator    - [Consumer clientId=consumer-raffle-group-1, groupId=raffle-group] (Re-)joining group
24-08-02.13:16:55.221 [org.springframework.kafka.KafkaListenerEndpointContainer#1-0-C-1] INFO  ConsumerCoordinator    - [Consumer clientId=consumer-raffle-group-3, groupId=raffle-group] (Re-)joining group
24-08-02.13:16:55.222 [org.springframework.kafka.KafkaListenerEndpointContainer#0-0-C-1] INFO  ConsumerCoordinator    - [Consumer clientId=consumer-raffle-group-2, groupId=raffle-group] (Re-)joining group
24-08-02.13:16:55.331 [RMI TCP Connection(2)-10.84.8.94] INFO  [/]                    - Initializing Spring DispatcherServlet 'dispatcherServlet'
24-08-02.13:16:55.331 [RMI TCP Connection(2)-10.84.8.94] INFO  DispatcherServlet      - Initializing Servlet 'dispatcherServlet'
24-08-02.13:16:55.332 [RMI TCP Connection(2)-10.84.8.94] INFO  DispatcherServlet      - Completed initialization in 1 ms
24-08-02.13:16:55.377 [scheduling-1    ] INFO  HikariDataSource       - Retail_HikariCP - Start completed.
24-08-02.13:16:55.422 [scheduling-1    ] INFO  HikariDataSource       - Retail_HikariCP - Starting...
24-08-02.13:16:55.445 [scheduling-1    ] INFO  HikariDataSource       - Retail_HikariCP - Start completed.
24-08-02.13:17:01.912 [http-nio-8091-exec-2] INFO  RaffleActivityController - 日历签到返利开始 userId:dzc
24-08-02.13:17:01.914 [http-nio-8091-exec-2] INFO  HikariDataSource       - Retail_HikariCP - Starting...
24-08-02.13:17:01.930 [http-nio-8091-exec-2] INFO  HikariDataSource       - Retail_HikariCP - Start completed.
24-08-02.13:17:01.980 [http-nio-8091-exec-2] ERROR BehaviorRebateRepository - 写入返利记录，唯一索引冲突 userId: dzc
org.springframework.dao.DuplicateKeyException: 
### Error updating database.  Cause: java.sql.SQLIntegrityConstraintViolationException: Duplicate entry 'dzc_sku_20240802' for key 'user_behavior_rebate_order_000.uq_biz_id'
### The error may exist in file [/Users/dongzhicheng/Desktop/Project/big-market/big-market-app/target/classes/mybatis/mapper/user_behavior_rebate_order_mapper.xml]
### The error may involve com.dzc.infrastructure.persistent.dao.IUserBehaviorRebateOrderDao.insert-Inline
### The error occurred while setting parameters
### SQL: insert into user_behavior_rebate_order_000(         user_id, order_id, behavior_type, rebate_desc, rebate_type, rebate_config, biz_id, create_time, update_time         ) values(         ?, ?, ?, ?, ?, ?, ?, now(), now()         )
### Cause: java.sql.SQLIntegrityConstraintViolationException: Duplicate entry 'dzc_sku_20240802' for key 'user_behavior_rebate_order_000.uq_biz_id'
; Duplicate entry 'dzc_sku_20240802' for key 'user_behavior_rebate_order_000.uq_biz_id'; nested exception is java.sql.SQLIntegrityConstraintViolationException: Duplicate entry 'dzc_sku_20240802' for key 'user_behavior_rebate_order_000.uq_biz_id'
	at org.springframework.jdbc.support.SQLErrorCodeSQLExceptionTranslator.doTranslate(SQLErrorCodeSQLExceptionTranslator.java:247)
	at org.springframework.jdbc.support.AbstractFallbackSQLExceptionTranslator.translate(AbstractFallbackSQLExceptionTranslator.java:70)
	at org.mybatis.spring.MyBatisExceptionTranslator.translateExceptionIfPossible(MyBatisExceptionTranslator.java:91)
	at org.mybatis.spring.SqlSessionTemplate$SqlSessionInterceptor.invoke(SqlSessionTemplate.java:441)
	at jdk.proxy2/jdk.proxy2.$Proxy108.insert(Unknown Source)
	at org.mybatis.spring.SqlSessionTemplate.insert(SqlSessionTemplate.java:272)
	at org.apache.ibatis.binding.MapperMethod.execute(MapperMethod.java:62)
	at org.apache.ibatis.binding.MapperProxy$PlainMethodInvoker.invoke(MapperProxy.java:152)
	at org.apache.ibatis.binding.MapperProxy.invoke(MapperProxy.java:85)
	at jdk.proxy2/jdk.proxy2.$Proxy136.insert(Unknown Source)
	at com.dzc.infrastructure.persistent.repository.BehaviorRebateRepository.lambda$saveUserRebateRecord$0(BehaviorRebateRepository.java:77)
	at org.springframework.transaction.support.TransactionTemplate.execute(TransactionTemplate.java:140)
	at com.dzc.infrastructure.persistent.repository.BehaviorRebateRepository.saveUserRebateRecord(BehaviorRebateRepository.java:64)
	at com.dzc.domain.rebate.service.BehaviorRebateService.createOrder(BehaviorRebateService.java:81)
	at com.dzc.trigger.http.RaffleActivityController.calendarSignRebate(RaffleActivityController.java:183)
	at java.base/jdk.internal.reflect.NativeMethodAccessorImpl.invoke0(Native Method)
	at java.base/jdk.internal.reflect.NativeMethodAccessorImpl.invoke(NativeMethodAccessorImpl.java:77)
	at java.base/jdk.internal.reflect.DelegatingMethodAccessorImpl.invoke(DelegatingMethodAccessorImpl.java:43)
	at java.base/java.lang.reflect.Method.invoke(Method.java:568)
	at org.springframework.web.method.support.InvocableHandlerMethod.doInvoke(InvocableHandlerMethod.java:205)
	at org.springframework.web.method.support.InvocableHandlerMethod.invokeForRequest(InvocableHandlerMethod.java:150)
	at org.springframework.web.servlet.mvc.method.annotation.ServletInvocableHandlerMethod.invokeAndHandle(ServletInvocableHandlerMethod.java:117)
	at org.springframework.web.servlet.mvc.method.annotation.RequestMappingHandlerAdapter.invokeHandlerMethod(RequestMappingHandlerAdapter.java:895)
	at org.springframework.web.servlet.mvc.method.annotation.RequestMappingHandlerAdapter.handleInternal(RequestMappingHandlerAdapter.java:808)
	at org.springframework.web.servlet.mvc.method.AbstractHandlerMethodAdapter.handle(AbstractHandlerMethodAdapter.java:87)
	at org.springframework.web.servlet.DispatcherServlet.doDispatch(DispatcherServlet.java:1072)
	at org.springframework.web.servlet.DispatcherServlet.doService(DispatcherServlet.java:965)
	at org.springframework.web.servlet.FrameworkServlet.processRequest(FrameworkServlet.java:1006)
	at org.springframework.web.servlet.FrameworkServlet.doPost(FrameworkServlet.java:909)
	at javax.servlet.http.HttpServlet.service(HttpServlet.java:555)
	at org.springframework.web.servlet.FrameworkServlet.service(FrameworkServlet.java:883)
	at javax.servlet.http.HttpServlet.service(HttpServlet.java:623)
	at org.apache.catalina.core.ApplicationFilterChain.internalDoFilter(ApplicationFilterChain.java:209)
	at org.apache.catalina.core.ApplicationFilterChain.doFilter(ApplicationFilterChain.java:153)
	at org.apache.tomcat.websocket.server.WsFilter.doFilter(WsFilter.java:51)
	at org.apache.catalina.core.ApplicationFilterChain.internalDoFilter(ApplicationFilterChain.java:178)
	at org.apache.catalina.core.ApplicationFilterChain.doFilter(ApplicationFilterChain.java:153)
	at org.springframework.web.filter.RequestContextFilter.doFilterInternal(RequestContextFilter.java:100)
	at org.springframework.web.filter.OncePerRequestFilter.doFilter(OncePerRequestFilter.java:117)
	at org.apache.catalina.core.ApplicationFilterChain.internalDoFilter(ApplicationFilterChain.java:178)
	at org.apache.catalina.core.ApplicationFilterChain.doFilter(ApplicationFilterChain.java:153)
	at org.springframework.web.filter.FormContentFilter.doFilterInternal(FormContentFilter.java:93)
	at org.springframework.web.filter.OncePerRequestFilter.doFilter(OncePerRequestFilter.java:117)
	at org.apache.catalina.core.ApplicationFilterChain.internalDoFilter(ApplicationFilterChain.java:178)
	at org.apache.catalina.core.ApplicationFilterChain.doFilter(ApplicationFilterChain.java:153)
	at org.springframework.boot.actuate.metrics.web.servlet.WebMvcMetricsFilter.doFilterInternal(WebMvcMetricsFilter.java:96)
	at org.springframework.web.filter.OncePerRequestFilter.doFilter(OncePerRequestFilter.java:117)
	at org.apache.catalina.core.ApplicationFilterChain.internalDoFilter(ApplicationFilterChain.java:178)
	at org.apache.catalina.core.ApplicationFilterChain.doFilter(ApplicationFilterChain.java:153)
	at org.springframework.web.filter.CharacterEncodingFilter.doFilterInternal(CharacterEncodingFilter.java:201)
	at org.springframework.web.filter.OncePerRequestFilter.doFilter(OncePerRequestFilter.java:117)
	at org.apache.catalina.core.ApplicationFilterChain.internalDoFilter(ApplicationFilterChain.java:178)
	at org.apache.catalina.core.ApplicationFilterChain.doFilter(ApplicationFilterChain.java:153)
	at org.apache.catalina.core.StandardWrapperValve.invoke(StandardWrapperValve.java:167)
	at org.apache.catalina.core.StandardContextValve.invoke(StandardContextValve.java:90)
	at org.apache.catalina.authenticator.AuthenticatorBase.invoke(AuthenticatorBase.java:481)
	at org.apache.catalina.core.StandardHostValve.invoke(StandardHostValve.java:130)
	at org.apache.catalina.valves.ErrorReportValve.invoke(ErrorReportValve.java:93)
	at org.apache.catalina.core.StandardEngineValve.invoke(StandardEngineValve.java:74)
	at org.apache.catalina.connector.CoyoteAdapter.service(CoyoteAdapter.java:343)
	at org.apache.coyote.http11.Http11Processor.service(Http11Processor.java:390)
	at org.apache.coyote.AbstractProcessorLight.process(AbstractProcessorLight.java:63)
	at org.apache.coyote.AbstractProtocol$ConnectionHandler.process(AbstractProtocol.java:926)
	at org.apache.tomcat.util.net.NioEndpoint$SocketProcessor.doRun(NioEndpoint.java:1791)
	at org.apache.tomcat.util.net.SocketProcessorBase.run(SocketProcessorBase.java:52)
	at org.apache.tomcat.util.threads.ThreadPoolExecutor.runWorker(ThreadPoolExecutor.java:1191)
	at org.apache.tomcat.util.threads.ThreadPoolExecutor$Worker.run(ThreadPoolExecutor.java:659)
	at org.apache.tomcat.util.threads.TaskThread$WrappingRunnable.run(TaskThread.java:61)
	at java.base/java.lang.Thread.run(Thread.java:842)
Caused by: java.sql.SQLIntegrityConstraintViolationException: Duplicate entry 'dzc_sku_20240802' for key 'user_behavior_rebate_order_000.uq_biz_id'
	at com.mysql.cj.jdbc.exceptions.SQLError.createSQLException(SQLError.java:117)
	at com.mysql.cj.jdbc.exceptions.SQLError.createSQLException(SQLError.java:97)
	at com.mysql.cj.jdbc.exceptions.SQLExceptionsMapping.translateException(SQLExceptionsMapping.java:122)
	at com.mysql.cj.jdbc.ClientPreparedStatement.executeInternal(ClientPreparedStatement.java:953)
	at com.mysql.cj.jdbc.ClientPreparedStatement.execute(ClientPreparedStatement.java:370)
	at com.zaxxer.hikari.pool.ProxyPreparedStatement.execute(ProxyPreparedStatement.java:44)
	at com.zaxxer.hikari.pool.HikariProxyPreparedStatement.execute(HikariProxyPreparedStatement.java)
	at org.apache.ibatis.executor.statement.PreparedStatementHandler.update(PreparedStatementHandler.java:47)
	at org.apache.ibatis.executor.statement.RoutingStatementHandler.update(RoutingStatementHandler.java:74)
	at java.base/jdk.internal.reflect.NativeMethodAccessorImpl.invoke0(Native Method)
	at java.base/jdk.internal.reflect.NativeMethodAccessorImpl.invoke(NativeMethodAccessorImpl.java:77)
	at java.base/jdk.internal.reflect.DelegatingMethodAccessorImpl.invoke(DelegatingMethodAccessorImpl.java:43)
	at java.base/java.lang.reflect.Method.invoke(Method.java:568)
	at org.apache.ibatis.plugin.Plugin.invoke(Plugin.java:63)
	at jdk.proxy2/jdk.proxy2.$Proxy172.update(Unknown Source)
	at org.apache.ibatis.executor.SimpleExecutor.doUpdate(SimpleExecutor.java:50)
	at org.apache.ibatis.executor.BaseExecutor.update(BaseExecutor.java:117)
	at org.apache.ibatis.executor.CachingExecutor.update(CachingExecutor.java:76)
	at org.apache.ibatis.session.defaults.DefaultSqlSession.update(DefaultSqlSession.java:197)
	at org.apache.ibatis.session.defaults.DefaultSqlSession.insert(DefaultSqlSession.java:184)
	at java.base/jdk.internal.reflect.NativeMethodAccessorImpl.invoke0(Native Method)
	at java.base/jdk.internal.reflect.NativeMethodAccessorImpl.invoke(NativeMethodAccessorImpl.java:77)
	at java.base/jdk.internal.reflect.DelegatingMethodAccessorImpl.invoke(DelegatingMethodAccessorImpl.java:43)
	at java.base/java.lang.reflect.Method.invoke(Method.java:568)
	at org.mybatis.spring.SqlSessionTemplate$SqlSessionInterceptor.invoke(SqlSessionTemplate.java:427)
	... 65 common frames omitted
24-08-02.13:17:01.984 [http-nio-8091-exec-2] ERROR RaffleActivityController - 日历签到返利异常 userId:dzc 
com.dzc.types.exception.AppException: null
	at com.dzc.infrastructure.persistent.repository.BehaviorRebateRepository.lambda$saveUserRebateRecord$0(BehaviorRebateRepository.java:93)
	at org.springframework.transaction.support.TransactionTemplate.execute(TransactionTemplate.java:140)
	at com.dzc.infrastructure.persistent.repository.BehaviorRebateRepository.saveUserRebateRecord(BehaviorRebateRepository.java:64)
	at com.dzc.domain.rebate.service.BehaviorRebateService.createOrder(BehaviorRebateService.java:81)
	at com.dzc.trigger.http.RaffleActivityController.calendarSignRebate(RaffleActivityController.java:183)
	at java.base/jdk.internal.reflect.NativeMethodAccessorImpl.invoke0(Native Method)
	at java.base/jdk.internal.reflect.NativeMethodAccessorImpl.invoke(NativeMethodAccessorImpl.java:77)
	at java.base/jdk.internal.reflect.DelegatingMethodAccessorImpl.invoke(DelegatingMethodAccessorImpl.java:43)
	at java.base/java.lang.reflect.Method.invoke(Method.java:568)
	at org.springframework.web.method.support.InvocableHandlerMethod.doInvoke(InvocableHandlerMethod.java:205)
	at org.springframework.web.method.support.InvocableHandlerMethod.invokeForRequest(InvocableHandlerMethod.java:150)
	at org.springframework.web.servlet.mvc.method.annotation.ServletInvocableHandlerMethod.invokeAndHandle(ServletInvocableHandlerMethod.java:117)
	at org.springframework.web.servlet.mvc.method.annotation.RequestMappingHandlerAdapter.invokeHandlerMethod(RequestMappingHandlerAdapter.java:895)
	at org.springframework.web.servlet.mvc.method.annotation.RequestMappingHandlerAdapter.handleInternal(RequestMappingHandlerAdapter.java:808)
	at org.springframework.web.servlet.mvc.method.AbstractHandlerMethodAdapter.handle(AbstractHandlerMethodAdapter.java:87)
	at org.springframework.web.servlet.DispatcherServlet.doDispatch(DispatcherServlet.java:1072)
	at org.springframework.web.servlet.DispatcherServlet.doService(DispatcherServlet.java:965)
	at org.springframework.web.servlet.FrameworkServlet.processRequest(FrameworkServlet.java:1006)
	at org.springframework.web.servlet.FrameworkServlet.doPost(FrameworkServlet.java:909)
	at javax.servlet.http.HttpServlet.service(HttpServlet.java:555)
	at org.springframework.web.servlet.FrameworkServlet.service(FrameworkServlet.java:883)
	at javax.servlet.http.HttpServlet.service(HttpServlet.java:623)
	at org.apache.catalina.core.ApplicationFilterChain.internalDoFilter(ApplicationFilterChain.java:209)
	at org.apache.catalina.core.ApplicationFilterChain.doFilter(ApplicationFilterChain.java:153)
	at org.apache.tomcat.websocket.server.WsFilter.doFilter(WsFilter.java:51)
	at org.apache.catalina.core.ApplicationFilterChain.internalDoFilter(ApplicationFilterChain.java:178)
	at org.apache.catalina.core.ApplicationFilterChain.doFilter(ApplicationFilterChain.java:153)
	at org.springframework.web.filter.RequestContextFilter.doFilterInternal(RequestContextFilter.java:100)
	at org.springframework.web.filter.OncePerRequestFilter.doFilter(OncePerRequestFilter.java:117)
	at org.apache.catalina.core.ApplicationFilterChain.internalDoFilter(ApplicationFilterChain.java:178)
	at org.apache.catalina.core.ApplicationFilterChain.doFilter(ApplicationFilterChain.java:153)
	at org.springframework.web.filter.FormContentFilter.doFilterInternal(FormContentFilter.java:93)
	at org.springframework.web.filter.OncePerRequestFilter.doFilter(OncePerRequestFilter.java:117)
	at org.apache.catalina.core.ApplicationFilterChain.internalDoFilter(ApplicationFilterChain.java:178)
	at org.apache.catalina.core.ApplicationFilterChain.doFilter(ApplicationFilterChain.java:153)
	at org.springframework.boot.actuate.metrics.web.servlet.WebMvcMetricsFilter.doFilterInternal(WebMvcMetricsFilter.java:96)
	at org.springframework.web.filter.OncePerRequestFilter.doFilter(OncePerRequestFilter.java:117)
	at org.apache.catalina.core.ApplicationFilterChain.internalDoFilter(ApplicationFilterChain.java:178)
	at org.apache.catalina.core.ApplicationFilterChain.doFilter(ApplicationFilterChain.java:153)
	at org.springframework.web.filter.CharacterEncodingFilter.doFilterInternal(CharacterEncodingFilter.java:201)
	at org.springframework.web.filter.OncePerRequestFilter.doFilter(OncePerRequestFilter.java:117)
	at org.apache.catalina.core.ApplicationFilterChain.internalDoFilter(ApplicationFilterChain.java:178)
	at org.apache.catalina.core.ApplicationFilterChain.doFilter(ApplicationFilterChain.java:153)
	at org.apache.catalina.core.StandardWrapperValve.invoke(StandardWrapperValve.java:167)
	at org.apache.catalina.core.StandardContextValve.invoke(StandardContextValve.java:90)
	at org.apache.catalina.authenticator.AuthenticatorBase.invoke(AuthenticatorBase.java:481)
	at org.apache.catalina.core.StandardHostValve.invoke(StandardHostValve.java:130)
	at org.apache.catalina.valves.ErrorReportValve.invoke(ErrorReportValve.java:93)
	at org.apache.catalina.core.StandardEngineValve.invoke(StandardEngineValve.java:74)
	at org.apache.catalina.connector.CoyoteAdapter.service(CoyoteAdapter.java:343)
	at org.apache.coyote.http11.Http11Processor.service(Http11Processor.java:390)
	at org.apache.coyote.AbstractProcessorLight.process(AbstractProcessorLight.java:63)
	at org.apache.coyote.AbstractProtocol$ConnectionHandler.process(AbstractProtocol.java:926)
	at org.apache.tomcat.util.net.NioEndpoint$SocketProcessor.doRun(NioEndpoint.java:1791)
	at org.apache.tomcat.util.net.SocketProcessorBase.run(SocketProcessorBase.java:52)
	at org.apache.tomcat.util.threads.ThreadPoolExecutor.runWorker(ThreadPoolExecutor.java:1191)
	at org.apache.tomcat.util.threads.ThreadPoolExecutor$Worker.run(ThreadPoolExecutor.java:659)
	at org.apache.tomcat.util.threads.TaskThread$WrappingRunnable.run(TaskThread.java:61)
	at java.base/java.lang.Thread.run(Thread.java:842)
24-08-02.13:17:03.604 [org.springframework.kafka.KafkaListenerEndpointContainer#2-0-C-1] INFO  NetworkClient          - [Consumer clientId=consumer-raffle-group-1, groupId=raffle-group] Disconnecting from node 2147483646 due to socket connection setup timeout. The timeout value is 8314 ms.
24-08-02.13:17:03.611 [org.springframework.kafka.KafkaListenerEndpointContainer#2-0-C-1] INFO  ConsumerCoordinator    - [Consumer clientId=consumer-raffle-group-1, groupId=raffle-group] Group coordinator kafka:9092 (id: 2147483646 rack: null) is unavailable or invalid due to cause: null.isDisconnected: true. Rediscovery will be attempted.
24-08-02.13:17:05.171 [org.springframework.kafka.KafkaListenerEndpointContainer#1-0-C-1] INFO  NetworkClient          - [Consumer clientId=consumer-raffle-group-3, groupId=raffle-group] Disconnecting from node 2147483646 due to socket connection setup timeout. The timeout value is 9861 ms.
24-08-02.13:17:05.172 [org.springframework.kafka.KafkaListenerEndpointContainer#1-0-C-1] INFO  ConsumerCoordinator    - [Consumer clientId=consumer-raffle-group-3, groupId=raffle-group] Group coordinator kafka:9092 (id: 2147483646 rack: null) is unavailable or invalid due to cause: null.isDisconnected: true. Rediscovery will be attempted.
24-08-02.13:17:07.115 [org.springframework.kafka.KafkaListenerEndpointContainer#0-0-C-1] INFO  NetworkClient          - [Consumer clientId=consumer-raffle-group-2, groupId=raffle-group] Disconnecting from node 2147483646 due to socket connection setup timeout. The timeout value is 11833 ms.
24-08-02.13:17:07.133 [org.springframework.kafka.KafkaListenerEndpointContainer#0-0-C-1] INFO  ConsumerCoordinator    - [Consumer clientId=consumer-raffle-group-2, groupId=raffle-group] Group coordinator kafka:9092 (id: 2147483646 rack: null) is unavailable or invalid due to cause: null.isDisconnected: true. Rediscovery will be attempted.
24-08-02.13:17:13.771 [org.springframework.kafka.KafkaListenerEndpointContainer#2-0-C-1] INFO  ConsumerCoordinator    - [Consumer clientId=consumer-raffle-group-1, groupId=raffle-group] Resetting generation due to: consumer pro-actively leaving the group
24-08-02.13:17:13.771 [org.springframework.kafka.KafkaListenerEndpointContainer#0-0-C-1] INFO  ConsumerCoordinator    - [Consumer clientId=consumer-raffle-group-2, groupId=raffle-group] Resetting generation due to: consumer pro-actively leaving the group
24-08-02.13:17:13.771 [org.springframework.kafka.KafkaListenerEndpointContainer#1-0-C-1] INFO  ConsumerCoordinator    - [Consumer clientId=consumer-raffle-group-3, groupId=raffle-group] Resetting generation due to: consumer pro-actively leaving the group
24-08-02.13:17:13.772 [org.springframework.kafka.KafkaListenerEndpointContainer#2-0-C-1] INFO  ConsumerCoordinator    - [Consumer clientId=consumer-raffle-group-1, groupId=raffle-group] Request joining group due to: consumer pro-actively leaving the group
24-08-02.13:17:13.772 [org.springframework.kafka.KafkaListenerEndpointContainer#1-0-C-1] INFO  ConsumerCoordinator    - [Consumer clientId=consumer-raffle-group-3, groupId=raffle-group] Request joining group due to: consumer pro-actively leaving the group
24-08-02.13:17:13.772 [org.springframework.kafka.KafkaListenerEndpointContainer#2-0-C-1] INFO  KafkaConsumer          - [Consumer clientId=consumer-raffle-group-1, groupId=raffle-group] Unsubscribed all topics or patterns and assigned partitions
24-08-02.13:17:13.772 [org.springframework.kafka.KafkaListenerEndpointContainer#1-0-C-1] INFO  KafkaConsumer          - [Consumer clientId=consumer-raffle-group-3, groupId=raffle-group] Unsubscribed all topics or patterns and assigned partitions
24-08-02.13:17:13.772 [org.springframework.kafka.KafkaListenerEndpointContainer#0-0-C-1] INFO  ConsumerCoordinator    - [Consumer clientId=consumer-raffle-group-2, groupId=raffle-group] Request joining group due to: consumer pro-actively leaving the group
24-08-02.13:17:13.772 [org.springframework.kafka.KafkaListenerEndpointContainer#0-0-C-1] INFO  KafkaConsumer          - [Consumer clientId=consumer-raffle-group-2, groupId=raffle-group] Unsubscribed all topics or patterns and assigned partitions
24-08-02.13:17:13.774 [org.springframework.kafka.KafkaListenerEndpointContainer#1-0-C-1] INFO  ConsumerCoordinator    - [Consumer clientId=consumer-raffle-group-3, groupId=raffle-group] Resetting generation due to: consumer pro-actively leaving the group
24-08-02.13:17:13.774 [org.springframework.kafka.KafkaListenerEndpointContainer#1-0-C-1] INFO  ConsumerCoordinator    - [Consumer clientId=consumer-raffle-group-3, groupId=raffle-group] Request joining group due to: consumer pro-actively leaving the group
24-08-02.13:17:13.774 [org.springframework.kafka.KafkaListenerEndpointContainer#0-0-C-1] INFO  ConsumerCoordinator    - [Consumer clientId=consumer-raffle-group-2, groupId=raffle-group] Resetting generation due to: consumer pro-actively leaving the group
24-08-02.13:17:13.774 [org.springframework.kafka.KafkaListenerEndpointContainer#0-0-C-1] INFO  ConsumerCoordinator    - [Consumer clientId=consumer-raffle-group-2, groupId=raffle-group] Request joining group due to: consumer pro-actively leaving the group
24-08-02.13:17:13.775 [org.springframework.kafka.KafkaListenerEndpointContainer#0-0-C-1] INFO  Metrics                - Metrics scheduler closed
24-08-02.13:17:13.775 [org.springframework.kafka.KafkaListenerEndpointContainer#0-0-C-1] INFO  Metrics                - Closing reporter org.apache.kafka.common.metrics.JmxReporter
24-08-02.13:17:13.775 [org.springframework.kafka.KafkaListenerEndpointContainer#2-0-C-1] INFO  ConsumerCoordinator    - [Consumer clientId=consumer-raffle-group-1, groupId=raffle-group] Resetting generation due to: consumer pro-actively leaving the group
24-08-02.13:17:13.775 [org.springframework.kafka.KafkaListenerEndpointContainer#0-0-C-1] INFO  Metrics                - Metrics reporters closed
24-08-02.13:17:13.775 [org.springframework.kafka.KafkaListenerEndpointContainer#2-0-C-1] INFO  ConsumerCoordinator    - [Consumer clientId=consumer-raffle-group-1, groupId=raffle-group] Request joining group due to: consumer pro-actively leaving the group
24-08-02.13:17:13.776 [org.springframework.kafka.KafkaListenerEndpointContainer#1-0-C-1] INFO  Metrics                - Metrics scheduler closed
24-08-02.13:17:13.776 [org.springframework.kafka.KafkaListenerEndpointContainer#1-0-C-1] INFO  Metrics                - Closing reporter org.apache.kafka.common.metrics.JmxReporter
24-08-02.13:17:13.776 [org.springframework.kafka.KafkaListenerEndpointContainer#1-0-C-1] INFO  Metrics                - Metrics reporters closed
24-08-02.13:17:13.776 [org.springframework.kafka.KafkaListenerEndpointContainer#2-0-C-1] INFO  Metrics                - Metrics scheduler closed
24-08-02.13:17:13.776 [org.springframework.kafka.KafkaListenerEndpointContainer#2-0-C-1] INFO  Metrics                - Closing reporter org.apache.kafka.common.metrics.JmxReporter
24-08-02.13:17:13.776 [org.springframework.kafka.KafkaListenerEndpointContainer#2-0-C-1] INFO  Metrics                - Metrics reporters closed
24-08-02.13:17:13.781 [org.springframework.kafka.KafkaListenerEndpointContainer#2-0-C-1] INFO  AppInfoParser          - App info kafka.consumer for consumer-raffle-group-1 unregistered
24-08-02.13:17:13.781 [org.springframework.kafka.KafkaListenerEndpointContainer#1-0-C-1] INFO  AppInfoParser          - App info kafka.consumer for consumer-raffle-group-3 unregistered
24-08-02.13:17:13.782 [org.springframework.kafka.KafkaListenerEndpointContainer#0-0-C-1] INFO  AppInfoParser          - App info kafka.consumer for consumer-raffle-group-2 unregistered
24-08-02.13:17:13.782 [org.springframework.kafka.KafkaListenerEndpointContainer#1-0-C-1] INFO  KafkaMessageListenerContainer - raffle-group: Consumer stopped
24-08-02.13:17:13.783 [org.springframework.kafka.KafkaListenerEndpointContainer#0-0-C-1] INFO  KafkaMessageListenerContainer - raffle-group: Consumer stopped
24-08-02.13:17:13.783 [org.springframework.kafka.KafkaListenerEndpointContainer#2-0-C-1] INFO  KafkaMessageListenerContainer - raffle-group: Consumer stopped
24-08-02.13:18:04.743 [main            ] INFO  Application            - Starting Application using Java 17.0.10 on dongzhichengdeMacBook-Air.local with PID 77515 (/Users/dongzhicheng/Desktop/Project/big-market/big-market-app/target/classes started by dongzhicheng in /Users/dongzhicheng/Desktop/Project/big-market)
24-08-02.13:18:04.744 [main            ] INFO  Application            - The following 1 profile is active: "dev"
24-08-02.13:18:05.298 [main            ] INFO  RepositoryConfigurationDelegate - Multiple Spring Data modules found, entering strict repository configuration mode
24-08-02.13:18:05.299 [main            ] INFO  RepositoryConfigurationDelegate - Bootstrapping Spring Data Redis repositories in DEFAULT mode.
24-08-02.13:18:05.316 [main            ] INFO  RepositoryConfigurationDelegate - Finished Spring Data repository scanning in 10 ms. Found 0 Redis repository interfaces.
24-08-02.13:18:05.824 [main            ] INFO  TomcatWebServer        - Tomcat initialized with port(s): 8091 (http)
24-08-02.13:18:05.835 [main            ] INFO  Http11NioProtocol      - Initializing ProtocolHandler ["http-nio-8091"]
24-08-02.13:18:05.835 [main            ] INFO  StandardService        - Starting service [Tomcat]
24-08-02.13:18:05.835 [main            ] INFO  StandardEngine         - Starting Servlet engine: [Apache Tomcat/9.0.75]
24-08-02.13:18:05.890 [main            ] INFO  [/]                    - Initializing Spring embedded WebApplicationContext
24-08-02.13:18:05.890 [main            ] INFO  ServletWebServerApplicationContext - Root WebApplicationContext: initialization completed in 1123 ms
24-08-02.13:18:06.179 [main            ] INFO  Version                - Redisson 3.26.0
24-08-02.13:18:06.199 [main            ] WARN  DnsServerAddressStreamProviders - Can not find io.netty.resolver.dns.macos.MacOSDnsServerAddressStreamProvider in the classpath, fallback to system defaults. This may result in incorrect DNS resolutions on MacOS. Check whether you have a dependency on 'io.netty:netty-resolver-dns-native-macos'
24-08-02.13:18:06.281 [redisson-netty-1-4] INFO  ConnectionsHolder      - 1 connections initialized for 127.0.0.1/127.0.0.1:6379
24-08-02.13:18:06.295 [redisson-netty-1-13] INFO  ConnectionsHolder      - 5 connections initialized for 127.0.0.1/127.0.0.1:6379
24-08-02.13:18:07.070 [main            ] INFO  EndpointLinksResolver  - Exposing 1 endpoint(s) beneath base path '/actuator'
24-08-02.13:18:07.132 [main            ] INFO  ConsumerConfig         - ConsumerConfig values: 
	allow.auto.create.topics = true
	auto.commit.interval.ms = 1000
	auto.offset.reset = earliest
	bootstrap.servers = [localhost:9092]
	check.crcs = true
	client.dns.lookup = use_all_dns_ips
	client.id = consumer-raffle-group-1
	client.rack = 
	connections.max.idle.ms = 540000
	default.api.timeout.ms = 60000
	enable.auto.commit = false
	exclude.internal.topics = true
	fetch.max.bytes = 52428800
	fetch.max.wait.ms = 500
	fetch.min.bytes = 1
	group.id = raffle-group
	group.instance.id = null
	heartbeat.interval.ms = 3000
	interceptor.classes = []
	internal.leave.group.on.close = true
	internal.throw.on.fetch.stable.offset.unsupported = false
	isolation.level = read_uncommitted
	key.deserializer = class org.apache.kafka.common.serialization.StringDeserializer
	max.partition.fetch.bytes = 1048576
	max.poll.interval.ms = 300000
	max.poll.records = 500
	metadata.max.age.ms = 300000
	metric.reporters = []
	metrics.num.samples = 2
	metrics.recording.level = INFO
	metrics.sample.window.ms = 30000
	partition.assignment.strategy = [class org.apache.kafka.clients.consumer.RangeAssignor, class org.apache.kafka.clients.consumer.CooperativeStickyAssignor]
	receive.buffer.bytes = 65536
	reconnect.backoff.max.ms = 1000
	reconnect.backoff.ms = 50
	request.timeout.ms = 30000
	retry.backoff.ms = 100
	sasl.client.callback.handler.class = null
	sasl.jaas.config = null
	sasl.kerberos.kinit.cmd = /usr/bin/kinit
	sasl.kerberos.min.time.before.relogin = 60000
	sasl.kerberos.service.name = null
	sasl.kerberos.ticket.renew.jitter = 0.05
	sasl.kerberos.ticket.renew.window.factor = 0.8
	sasl.login.callback.handler.class = null
	sasl.login.class = null
	sasl.login.connect.timeout.ms = null
	sasl.login.read.timeout.ms = null
	sasl.login.refresh.buffer.seconds = 300
	sasl.login.refresh.min.period.seconds = 60
	sasl.login.refresh.window.factor = 0.8
	sasl.login.refresh.window.jitter = 0.05
	sasl.login.retry.backoff.max.ms = 10000
	sasl.login.retry.backoff.ms = 100
	sasl.mechanism = GSSAPI
	sasl.oauthbearer.clock.skew.seconds = 30
	sasl.oauthbearer.expected.audience = null
	sasl.oauthbearer.expected.issuer = null
	sasl.oauthbearer.jwks.endpoint.refresh.ms = 3600000
	sasl.oauthbearer.jwks.endpoint.retry.backoff.max.ms = 10000
	sasl.oauthbearer.jwks.endpoint.retry.backoff.ms = 100
	sasl.oauthbearer.jwks.endpoint.url = null
	sasl.oauthbearer.scope.claim.name = scope
	sasl.oauthbearer.sub.claim.name = sub
	sasl.oauthbearer.token.endpoint.url = null
	security.protocol = PLAINTEXT
	security.providers = null
	send.buffer.bytes = 131072
	session.timeout.ms = 45000
	socket.connection.setup.timeout.max.ms = 30000
	socket.connection.setup.timeout.ms = 10000
	ssl.cipher.suites = null
	ssl.enabled.protocols = [TLSv1.2, TLSv1.3]
	ssl.endpoint.identification.algorithm = https
	ssl.engine.factory.class = null
	ssl.key.password = null
	ssl.keymanager.algorithm = SunX509
	ssl.keystore.certificate.chain = null
	ssl.keystore.key = null
	ssl.keystore.location = null
	ssl.keystore.password = null
	ssl.keystore.type = JKS
	ssl.protocol = TLSv1.3
	ssl.provider = null
	ssl.secure.random.implementation = null
	ssl.trustmanager.algorithm = PKIX
	ssl.truststore.certificates = null
	ssl.truststore.location = null
	ssl.truststore.password = null
	ssl.truststore.type = JKS
	value.deserializer = class org.apache.kafka.common.serialization.StringDeserializer

24-08-02.13:18:07.172 [main            ] INFO  AppInfoParser          - Kafka version: 3.1.2
24-08-02.13:18:07.172 [main            ] INFO  AppInfoParser          - Kafka commitId: f8c67dc3ae0a3265
24-08-02.13:18:07.172 [main            ] INFO  AppInfoParser          - Kafka startTimeMs: 1722575887171
24-08-02.13:18:07.182 [main            ] INFO  KafkaConsumer          - [Consumer clientId=consumer-raffle-group-1, groupId=raffle-group] Subscribed to topic(s): send_award
24-08-02.13:18:07.186 [main            ] INFO  ConsumerConfig         - ConsumerConfig values: 
	allow.auto.create.topics = true
	auto.commit.interval.ms = 1000
	auto.offset.reset = earliest
	bootstrap.servers = [localhost:9092]
	check.crcs = true
	client.dns.lookup = use_all_dns_ips
	client.id = consumer-raffle-group-2
	client.rack = 
	connections.max.idle.ms = 540000
	default.api.timeout.ms = 60000
	enable.auto.commit = false
	exclude.internal.topics = true
	fetch.max.bytes = 52428800
	fetch.max.wait.ms = 500
	fetch.min.bytes = 1
	group.id = raffle-group
	group.instance.id = null
	heartbeat.interval.ms = 3000
	interceptor.classes = []
	internal.leave.group.on.close = true
	internal.throw.on.fetch.stable.offset.unsupported = false
	isolation.level = read_uncommitted
	key.deserializer = class org.apache.kafka.common.serialization.StringDeserializer
	max.partition.fetch.bytes = 1048576
	max.poll.interval.ms = 300000
	max.poll.records = 500
	metadata.max.age.ms = 300000
	metric.reporters = []
	metrics.num.samples = 2
	metrics.recording.level = INFO
	metrics.sample.window.ms = 30000
	partition.assignment.strategy = [class org.apache.kafka.clients.consumer.RangeAssignor, class org.apache.kafka.clients.consumer.CooperativeStickyAssignor]
	receive.buffer.bytes = 65536
	reconnect.backoff.max.ms = 1000
	reconnect.backoff.ms = 50
	request.timeout.ms = 30000
	retry.backoff.ms = 100
	sasl.client.callback.handler.class = null
	sasl.jaas.config = null
	sasl.kerberos.kinit.cmd = /usr/bin/kinit
	sasl.kerberos.min.time.before.relogin = 60000
	sasl.kerberos.service.name = null
	sasl.kerberos.ticket.renew.jitter = 0.05
	sasl.kerberos.ticket.renew.window.factor = 0.8
	sasl.login.callback.handler.class = null
	sasl.login.class = null
	sasl.login.connect.timeout.ms = null
	sasl.login.read.timeout.ms = null
	sasl.login.refresh.buffer.seconds = 300
	sasl.login.refresh.min.period.seconds = 60
	sasl.login.refresh.window.factor = 0.8
	sasl.login.refresh.window.jitter = 0.05
	sasl.login.retry.backoff.max.ms = 10000
	sasl.login.retry.backoff.ms = 100
	sasl.mechanism = GSSAPI
	sasl.oauthbearer.clock.skew.seconds = 30
	sasl.oauthbearer.expected.audience = null
	sasl.oauthbearer.expected.issuer = null
	sasl.oauthbearer.jwks.endpoint.refresh.ms = 3600000
	sasl.oauthbearer.jwks.endpoint.retry.backoff.max.ms = 10000
	sasl.oauthbearer.jwks.endpoint.retry.backoff.ms = 100
	sasl.oauthbearer.jwks.endpoint.url = null
	sasl.oauthbearer.scope.claim.name = scope
	sasl.oauthbearer.sub.claim.name = sub
	sasl.oauthbearer.token.endpoint.url = null
	security.protocol = PLAINTEXT
	security.providers = null
	send.buffer.bytes = 131072
	session.timeout.ms = 45000
	socket.connection.setup.timeout.max.ms = 30000
	socket.connection.setup.timeout.ms = 10000
	ssl.cipher.suites = null
	ssl.enabled.protocols = [TLSv1.2, TLSv1.3]
	ssl.endpoint.identification.algorithm = https
	ssl.engine.factory.class = null
	ssl.key.password = null
	ssl.keymanager.algorithm = SunX509
	ssl.keystore.certificate.chain = null
	ssl.keystore.key = null
	ssl.keystore.location = null
	ssl.keystore.password = null
	ssl.keystore.type = JKS
	ssl.protocol = TLSv1.3
	ssl.provider = null
	ssl.secure.random.implementation = null
	ssl.trustmanager.algorithm = PKIX
	ssl.truststore.certificates = null
	ssl.truststore.location = null
	ssl.truststore.password = null
	ssl.truststore.type = JKS
	value.deserializer = class org.apache.kafka.common.serialization.StringDeserializer

24-08-02.13:18:07.190 [main            ] INFO  AppInfoParser          - Kafka version: 3.1.2
24-08-02.13:18:07.190 [main            ] INFO  AppInfoParser          - Kafka commitId: f8c67dc3ae0a3265
24-08-02.13:18:07.190 [main            ] INFO  AppInfoParser          - Kafka startTimeMs: 1722575887190
24-08-02.13:18:07.202 [main            ] INFO  KafkaConsumer          - [Consumer clientId=consumer-raffle-group-2, groupId=raffle-group] Subscribed to topic(s): activity_sku_stock_zero
24-08-02.13:18:07.203 [main            ] INFO  ConsumerConfig         - ConsumerConfig values: 
	allow.auto.create.topics = true
	auto.commit.interval.ms = 1000
	auto.offset.reset = earliest
	bootstrap.servers = [localhost:9092]
	check.crcs = true
	client.dns.lookup = use_all_dns_ips
	client.id = consumer-raffle-group-3
	client.rack = 
	connections.max.idle.ms = 540000
	default.api.timeout.ms = 60000
	enable.auto.commit = false
	exclude.internal.topics = true
	fetch.max.bytes = 52428800
	fetch.max.wait.ms = 500
	fetch.min.bytes = 1
	group.id = raffle-group
	group.instance.id = null
	heartbeat.interval.ms = 3000
	interceptor.classes = []
	internal.leave.group.on.close = true
	internal.throw.on.fetch.stable.offset.unsupported = false
	isolation.level = read_uncommitted
	key.deserializer = class org.apache.kafka.common.serialization.StringDeserializer
	max.partition.fetch.bytes = 1048576
	max.poll.interval.ms = 300000
	max.poll.records = 500
	metadata.max.age.ms = 300000
	metric.reporters = []
	metrics.num.samples = 2
	metrics.recording.level = INFO
	metrics.sample.window.ms = 30000
	partition.assignment.strategy = [class org.apache.kafka.clients.consumer.RangeAssignor, class org.apache.kafka.clients.consumer.CooperativeStickyAssignor]
	receive.buffer.bytes = 65536
	reconnect.backoff.max.ms = 1000
	reconnect.backoff.ms = 50
	request.timeout.ms = 30000
	retry.backoff.ms = 100
	sasl.client.callback.handler.class = null
	sasl.jaas.config = null
	sasl.kerberos.kinit.cmd = /usr/bin/kinit
	sasl.kerberos.min.time.before.relogin = 60000
	sasl.kerberos.service.name = null
	sasl.kerberos.ticket.renew.jitter = 0.05
	sasl.kerberos.ticket.renew.window.factor = 0.8
	sasl.login.callback.handler.class = null
	sasl.login.class = null
	sasl.login.connect.timeout.ms = null
	sasl.login.read.timeout.ms = null
	sasl.login.refresh.buffer.seconds = 300
	sasl.login.refresh.min.period.seconds = 60
	sasl.login.refresh.window.factor = 0.8
	sasl.login.refresh.window.jitter = 0.05
	sasl.login.retry.backoff.max.ms = 10000
	sasl.login.retry.backoff.ms = 100
	sasl.mechanism = GSSAPI
	sasl.oauthbearer.clock.skew.seconds = 30
	sasl.oauthbearer.expected.audience = null
	sasl.oauthbearer.expected.issuer = null
	sasl.oauthbearer.jwks.endpoint.refresh.ms = 3600000
	sasl.oauthbearer.jwks.endpoint.retry.backoff.max.ms = 10000
	sasl.oauthbearer.jwks.endpoint.retry.backoff.ms = 100
	sasl.oauthbearer.jwks.endpoint.url = null
	sasl.oauthbearer.scope.claim.name = scope
	sasl.oauthbearer.sub.claim.name = sub
	sasl.oauthbearer.token.endpoint.url = null
	security.protocol = PLAINTEXT
	security.providers = null
	send.buffer.bytes = 131072
	session.timeout.ms = 45000
	socket.connection.setup.timeout.max.ms = 30000
	socket.connection.setup.timeout.ms = 10000
	ssl.cipher.suites = null
	ssl.enabled.protocols = [TLSv1.2, TLSv1.3]
	ssl.endpoint.identification.algorithm = https
	ssl.engine.factory.class = null
	ssl.key.password = null
	ssl.keymanager.algorithm = SunX509
	ssl.keystore.certificate.chain = null
	ssl.keystore.key = null
	ssl.keystore.location = null
	ssl.keystore.password = null
	ssl.keystore.type = JKS
	ssl.protocol = TLSv1.3
	ssl.provider = null
	ssl.secure.random.implementation = null
	ssl.trustmanager.algorithm = PKIX
	ssl.truststore.certificates = null
	ssl.truststore.location = null
	ssl.truststore.password = null
	ssl.truststore.type = JKS
	value.deserializer = class org.apache.kafka.common.serialization.StringDeserializer

24-08-02.13:18:07.206 [main            ] INFO  AppInfoParser          - Kafka version: 3.1.2
24-08-02.13:18:07.206 [main            ] INFO  AppInfoParser          - Kafka commitId: f8c67dc3ae0a3265
24-08-02.13:18:07.206 [main            ] INFO  AppInfoParser          - Kafka startTimeMs: 1722575887206
24-08-02.13:18:07.210 [main            ] INFO  KafkaConsumer          - [Consumer clientId=consumer-raffle-group-3, groupId=raffle-group] Subscribed to topic(s): send_rebate
24-08-02.13:18:07.211 [main            ] INFO  Http11NioProtocol      - Starting ProtocolHandler ["http-nio-8091"]
24-08-02.13:18:07.227 [main            ] INFO  TomcatWebServer        - Tomcat started on port(s): 8091 (http) with context path ''
24-08-02.13:18:07.239 [main            ] INFO  Application            - Started Application in 2.767 seconds (JVM running for 3.337)
24-08-02.13:18:07.393 [org.springframework.kafka.KafkaListenerEndpointContainer#0-0-C-1] INFO  Metadata               - [Consumer clientId=consumer-raffle-group-2, groupId=raffle-group] Resetting the last seen epoch of partition activity_sku_stock_zero-0 to 0 since the associated topicId changed from null to jqFwqYTlTxGdW4b6Nx-a3A
24-08-02.13:18:07.393 [org.springframework.kafka.KafkaListenerEndpointContainer#1-0-C-1] INFO  Metadata               - [Consumer clientId=consumer-raffle-group-3, groupId=raffle-group] Resetting the last seen epoch of partition send_rebate-0 to 0 since the associated topicId changed from null to 1w6y4glpTnyV3pGMgg28Sg
24-08-02.13:18:07.394 [org.springframework.kafka.KafkaListenerEndpointContainer#2-0-C-1] INFO  Metadata               - [Consumer clientId=consumer-raffle-group-1, groupId=raffle-group] Resetting the last seen epoch of partition send_award-0 to 0 since the associated topicId changed from null to Q17VyhiHSOOw5eibgG1l-Q
24-08-02.13:18:07.395 [org.springframework.kafka.KafkaListenerEndpointContainer#1-0-C-1] INFO  Metadata               - [Consumer clientId=consumer-raffle-group-3, groupId=raffle-group] Cluster ID: rB2EuGLvQdi61OETC-XyQw
24-08-02.13:18:07.395 [org.springframework.kafka.KafkaListenerEndpointContainer#2-0-C-1] INFO  Metadata               - [Consumer clientId=consumer-raffle-group-1, groupId=raffle-group] Cluster ID: rB2EuGLvQdi61OETC-XyQw
24-08-02.13:18:07.395 [org.springframework.kafka.KafkaListenerEndpointContainer#0-0-C-1] INFO  Metadata               - [Consumer clientId=consumer-raffle-group-2, groupId=raffle-group] Cluster ID: rB2EuGLvQdi61OETC-XyQw
24-08-02.13:18:07.403 [org.springframework.kafka.KafkaListenerEndpointContainer#1-0-C-1] INFO  ConsumerCoordinator    - [Consumer clientId=consumer-raffle-group-3, groupId=raffle-group] Discovered group coordinator kafka:9092 (id: 2147483646 rack: null)
24-08-02.13:18:07.403 [org.springframework.kafka.KafkaListenerEndpointContainer#0-0-C-1] INFO  ConsumerCoordinator    - [Consumer clientId=consumer-raffle-group-2, groupId=raffle-group] Discovered group coordinator kafka:9092 (id: 2147483646 rack: null)
24-08-02.13:18:07.403 [org.springframework.kafka.KafkaListenerEndpointContainer#2-0-C-1] INFO  ConsumerCoordinator    - [Consumer clientId=consumer-raffle-group-1, groupId=raffle-group] Discovered group coordinator kafka:9092 (id: 2147483646 rack: null)
24-08-02.13:18:07.407 [org.springframework.kafka.KafkaListenerEndpointContainer#0-0-C-1] INFO  ConsumerCoordinator    - [Consumer clientId=consumer-raffle-group-2, groupId=raffle-group] (Re-)joining group
24-08-02.13:18:07.407 [org.springframework.kafka.KafkaListenerEndpointContainer#2-0-C-1] INFO  ConsumerCoordinator    - [Consumer clientId=consumer-raffle-group-1, groupId=raffle-group] (Re-)joining group
24-08-02.13:18:07.407 [org.springframework.kafka.KafkaListenerEndpointContainer#1-0-C-1] INFO  ConsumerCoordinator    - [Consumer clientId=consumer-raffle-group-3, groupId=raffle-group] (Re-)joining group
24-08-02.13:18:07.775 [RMI TCP Connection(2)-127.0.0.1] INFO  [/]                    - Initializing Spring DispatcherServlet 'dispatcherServlet'
24-08-02.13:18:07.776 [RMI TCP Connection(2)-127.0.0.1] INFO  DispatcherServlet      - Initializing Servlet 'dispatcherServlet'
24-08-02.13:18:07.775 [RMI TCP Connection(1)-127.0.0.1] INFO  HikariDataSource       - Retail_HikariCP - Starting...
24-08-02.13:18:07.778 [RMI TCP Connection(2)-127.0.0.1] INFO  DispatcherServlet      - Completed initialization in 2 ms
24-08-02.13:18:08.076 [RMI TCP Connection(1)-127.0.0.1] INFO  HikariDataSource       - Retail_HikariCP - Start completed.
24-08-02.13:18:08.087 [RMI TCP Connection(1)-127.0.0.1] INFO  HikariDataSource       - Retail_HikariCP - Starting...
24-08-02.13:18:08.103 [RMI TCP Connection(1)-127.0.0.1] INFO  HikariDataSource       - Retail_HikariCP - Start completed.
24-08-02.13:18:15.394 [http-nio-8091-exec-1] INFO  RaffleActivityController - 日历签到返利开始 userId:dzc
24-08-02.13:18:15.396 [http-nio-8091-exec-1] INFO  HikariDataSource       - Retail_HikariCP - Starting...
24-08-02.13:18:15.412 [http-nio-8091-exec-1] INFO  HikariDataSource       - Retail_HikariCP - Start completed.
24-08-02.13:18:15.556 [http-nio-8091-exec-1] INFO  ProducerConfig         - Idempotence will be disabled because acks is set to 1, not set to 'all'.
24-08-02.13:18:15.556 [http-nio-8091-exec-1] INFO  ProducerConfig         - ProducerConfig values: 
	acks = 1
	batch.size = 16384
	bootstrap.servers = [localhost:9092]
	buffer.memory = 33554432
	client.dns.lookup = use_all_dns_ips
	client.id = producer-1
	compression.type = none
	connections.max.idle.ms = 540000
	delivery.timeout.ms = 120000
	enable.idempotence = false
	interceptor.classes = []
	key.serializer = class org.apache.kafka.common.serialization.StringSerializer
	linger.ms = 0
	max.block.ms = 60000
	max.in.flight.requests.per.connection = 5
	max.request.size = 1048576
	metadata.max.age.ms = 300000
	metadata.max.idle.ms = 300000
	metric.reporters = []
	metrics.num.samples = 2
	metrics.recording.level = INFO
	metrics.sample.window.ms = 30000
	partitioner.class = class org.apache.kafka.clients.producer.internals.DefaultPartitioner
	receive.buffer.bytes = 32768
	reconnect.backoff.max.ms = 1000
	reconnect.backoff.ms = 50
	request.timeout.ms = 30000
	retries = 1
	retry.backoff.ms = 100
	sasl.client.callback.handler.class = null
	sasl.jaas.config = null
	sasl.kerberos.kinit.cmd = /usr/bin/kinit
	sasl.kerberos.min.time.before.relogin = 60000
	sasl.kerberos.service.name = null
	sasl.kerberos.ticket.renew.jitter = 0.05
	sasl.kerberos.ticket.renew.window.factor = 0.8
	sasl.login.callback.handler.class = null
	sasl.login.class = null
	sasl.login.connect.timeout.ms = null
	sasl.login.read.timeout.ms = null
	sasl.login.refresh.buffer.seconds = 300
	sasl.login.refresh.min.period.seconds = 60
	sasl.login.refresh.window.factor = 0.8
	sasl.login.refresh.window.jitter = 0.05
	sasl.login.retry.backoff.max.ms = 10000
	sasl.login.retry.backoff.ms = 100
	sasl.mechanism = GSSAPI
	sasl.oauthbearer.clock.skew.seconds = 30
	sasl.oauthbearer.expected.audience = null
	sasl.oauthbearer.expected.issuer = null
	sasl.oauthbearer.jwks.endpoint.refresh.ms = 3600000
	sasl.oauthbearer.jwks.endpoint.retry.backoff.max.ms = 10000
	sasl.oauthbearer.jwks.endpoint.retry.backoff.ms = 100
	sasl.oauthbearer.jwks.endpoint.url = null
	sasl.oauthbearer.scope.claim.name = scope
	sasl.oauthbearer.sub.claim.name = sub
	sasl.oauthbearer.token.endpoint.url = null
	security.protocol = PLAINTEXT
	security.providers = null
	send.buffer.bytes = 131072
	socket.connection.setup.timeout.max.ms = 30000
	socket.connection.setup.timeout.ms = 10000
	ssl.cipher.suites = null
	ssl.enabled.protocols = [TLSv1.2, TLSv1.3]
	ssl.endpoint.identification.algorithm = https
	ssl.engine.factory.class = null
	ssl.key.password = null
	ssl.keymanager.algorithm = SunX509
	ssl.keystore.certificate.chain = null
	ssl.keystore.key = null
	ssl.keystore.location = null
	ssl.keystore.password = null
	ssl.keystore.type = JKS
	ssl.protocol = TLSv1.3
	ssl.provider = null
	ssl.secure.random.implementation = null
	ssl.trustmanager.algorithm = PKIX
	ssl.truststore.certificates = null
	ssl.truststore.location = null
	ssl.truststore.password = null
	ssl.truststore.type = JKS
	transaction.timeout.ms = 60000
	transactional.id = null
	value.serializer = class org.apache.kafka.common.serialization.StringSerializer

24-08-02.13:18:15.567 [http-nio-8091-exec-1] INFO  AppInfoParser          - Kafka version: 3.1.2
24-08-02.13:18:15.568 [http-nio-8091-exec-1] INFO  AppInfoParser          - Kafka commitId: f8c67dc3ae0a3265
24-08-02.13:18:15.568 [http-nio-8091-exec-1] INFO  AppInfoParser          - Kafka startTimeMs: 1722575895567
24-08-02.13:18:15.581 [kafka-producer-network-thread | producer-1] INFO  Metadata               - [Producer clientId=producer-1] Resetting the last seen epoch of partition send_rebate-0 to 0 since the associated topicId changed from null to 1w6y4glpTnyV3pGMgg28Sg
24-08-02.13:18:15.581 [kafka-producer-network-thread | producer-1] INFO  Metadata               - [Producer clientId=producer-1] Cluster ID: rB2EuGLvQdi61OETC-XyQw
24-08-02.13:18:15.588 [http-nio-8091-exec-1] INFO  EventPublisher         - 发送MQ消息 topic:send_rebate message:{"data":{"bizId":"dzc_sku_20240802","rebateConfig":"9011","rebateType":"sku","userId":"dzc"},"id":"85458375650","timestamp":1722575895420}
24-08-02.13:18:15.598 [http-nio-8091-exec-1] INFO  EventPublisher         - 发送MQ消息 topic:send_rebate message:{"data":{"bizId":"dzc_integral_20240802","rebateConfig":"10","rebateType":"integral","userId":"dzc"},"id":"73579458737","timestamp":1722575895422}
24-08-02.13:18:15.605 [http-nio-8091-exec-1] INFO  RaffleActivityController - 日历签到返利完成 userId:dzc orderIds: ["651926123732","940137748302"]
24-08-02.13:18:18.363 [org.springframework.kafka.KafkaListenerEndpointContainer#1-0-C-1] INFO  NetworkClient          - [Consumer clientId=consumer-raffle-group-3, groupId=raffle-group] Disconnecting from node 2147483646 due to socket connection setup timeout. The timeout value is 10939 ms.
24-08-02.13:18:18.402 [org.springframework.kafka.KafkaListenerEndpointContainer#1-0-C-1] INFO  ConsumerCoordinator    - [Consumer clientId=consumer-raffle-group-3, groupId=raffle-group] Group coordinator kafka:9092 (id: 2147483646 rack: null) is unavailable or invalid due to cause: null.isDisconnected: true. Rediscovery will be attempted.
24-08-02.13:18:19.257 [org.springframework.kafka.KafkaListenerEndpointContainer#2-0-C-1] INFO  NetworkClient          - [Consumer clientId=consumer-raffle-group-1, groupId=raffle-group] Disconnecting from node 2147483646 due to socket connection setup timeout. The timeout value is 11808 ms.
24-08-02.13:18:19.264 [org.springframework.kafka.KafkaListenerEndpointContainer#0-0-C-1] INFO  NetworkClient          - [Consumer clientId=consumer-raffle-group-2, groupId=raffle-group] Disconnecting from node 2147483646 due to socket connection setup timeout. The timeout value is 11834 ms.
24-08-02.13:18:19.264 [org.springframework.kafka.KafkaListenerEndpointContainer#2-0-C-1] INFO  ConsumerCoordinator    - [Consumer clientId=consumer-raffle-group-1, groupId=raffle-group] Group coordinator kafka:9092 (id: 2147483646 rack: null) is unavailable or invalid due to cause: null.isDisconnected: true. Rediscovery will be attempted.
24-08-02.13:18:19.264 [org.springframework.kafka.KafkaListenerEndpointContainer#0-0-C-1] INFO  ConsumerCoordinator    - [Consumer clientId=consumer-raffle-group-2, groupId=raffle-group] Group coordinator kafka:9092 (id: 2147483646 rack: null) is unavailable or invalid due to cause: null.isDisconnected: true. Rediscovery will be attempted.
24-08-02.13:18:27.026 [kafka-producer-network-thread | producer-1] INFO  NetworkClient          - [Producer clientId=producer-1] Disconnecting from node 1 due to socket connection setup timeout. The timeout value is 11436 ms.
24-08-02.13:18:27.579 [org.springframework.kafka.KafkaListenerEndpointContainer#1-0-C-1] INFO  NetworkClient          - [Consumer clientId=consumer-raffle-group-3, groupId=raffle-group] Disconnecting from node 1 due to socket connection setup timeout. The timeout value is 9177 ms.
24-08-02.13:18:28.895 [org.springframework.kafka.KafkaListenerEndpointContainer#0-0-C-1] INFO  NetworkClient          - [Consumer clientId=consumer-raffle-group-2, groupId=raffle-group] Disconnecting from node 1 due to socket connection setup timeout. The timeout value is 9583 ms.
24-08-02.13:18:30.468 [org.springframework.kafka.KafkaListenerEndpointContainer#2-0-C-1] INFO  NetworkClient          - [Consumer clientId=consumer-raffle-group-1, groupId=raffle-group] Node 1 disconnected.
24-08-02.13:18:30.469 [org.springframework.kafka.KafkaListenerEndpointContainer#2-0-C-1] WARN  NetworkClient          - [Consumer clientId=consumer-raffle-group-1, groupId=raffle-group] Connection to node 1 (kafka/10.89.68.210:9092) could not be established. Broker may not be available.
24-08-02.13:18:41.017 [org.springframework.kafka.KafkaListenerEndpointContainer#0-0-C-1] INFO  NetworkClient          - [Consumer clientId=consumer-raffle-group-2, groupId=raffle-group] Node 1 disconnected.
24-08-02.13:18:41.019 [org.springframework.kafka.KafkaListenerEndpointContainer#0-0-C-1] WARN  NetworkClient          - [Consumer clientId=consumer-raffle-group-2, groupId=raffle-group] Connection to node 1 (kafka/10.89.68.210:9092) could not be established. Broker may not be available.
24-08-02.13:18:41.028 [org.springframework.kafka.KafkaListenerEndpointContainer#2-0-C-1] INFO  NetworkClient          - [Consumer clientId=consumer-raffle-group-1, groupId=raffle-group] Node 1 disconnected.
24-08-02.13:18:41.028 [org.springframework.kafka.KafkaListenerEndpointContainer#2-0-C-1] WARN  NetworkClient          - [Consumer clientId=consumer-raffle-group-1, groupId=raffle-group] Connection to node 1 (kafka/10.89.68.210:9092) could not be established. Broker may not be available.
24-08-02.13:18:43.957 [org.springframework.kafka.KafkaListenerEndpointContainer#0-0-C-1] INFO  ConsumerCoordinator    - [Consumer clientId=consumer-raffle-group-2, groupId=raffle-group] Resetting generation due to: consumer pro-actively leaving the group
24-08-02.13:18:43.957 [org.springframework.kafka.KafkaListenerEndpointContainer#2-0-C-1] INFO  ConsumerCoordinator    - [Consumer clientId=consumer-raffle-group-1, groupId=raffle-group] Resetting generation due to: consumer pro-actively leaving the group
24-08-02.13:18:43.957 [org.springframework.kafka.KafkaListenerEndpointContainer#1-0-C-1] INFO  ConsumerCoordinator    - [Consumer clientId=consumer-raffle-group-3, groupId=raffle-group] Resetting generation due to: consumer pro-actively leaving the group
24-08-02.13:18:43.958 [org.springframework.kafka.KafkaListenerEndpointContainer#1-0-C-1] INFO  ConsumerCoordinator    - [Consumer clientId=consumer-raffle-group-3, groupId=raffle-group] Request joining group due to: consumer pro-actively leaving the group
24-08-02.13:18:43.958 [org.springframework.kafka.KafkaListenerEndpointContainer#1-0-C-1] INFO  KafkaConsumer          - [Consumer clientId=consumer-raffle-group-3, groupId=raffle-group] Unsubscribed all topics or patterns and assigned partitions
24-08-02.13:18:43.958 [org.springframework.kafka.KafkaListenerEndpointContainer#0-0-C-1] INFO  ConsumerCoordinator    - [Consumer clientId=consumer-raffle-group-2, groupId=raffle-group] Request joining group due to: consumer pro-actively leaving the group
24-08-02.13:18:43.958 [org.springframework.kafka.KafkaListenerEndpointContainer#0-0-C-1] INFO  KafkaConsumer          - [Consumer clientId=consumer-raffle-group-2, groupId=raffle-group] Unsubscribed all topics or patterns and assigned partitions
24-08-02.13:18:43.958 [org.springframework.kafka.KafkaListenerEndpointContainer#2-0-C-1] INFO  ConsumerCoordinator    - [Consumer clientId=consumer-raffle-group-1, groupId=raffle-group] Request joining group due to: consumer pro-actively leaving the group
24-08-02.13:18:43.958 [org.springframework.kafka.KafkaListenerEndpointContainer#2-0-C-1] INFO  KafkaConsumer          - [Consumer clientId=consumer-raffle-group-1, groupId=raffle-group] Unsubscribed all topics or patterns and assigned partitions
24-08-02.13:18:43.959 [org.springframework.kafka.KafkaListenerEndpointContainer#1-0-C-1] INFO  ConsumerCoordinator    - [Consumer clientId=consumer-raffle-group-3, groupId=raffle-group] Resetting generation due to: consumer pro-actively leaving the group
24-08-02.13:18:43.959 [org.springframework.kafka.KafkaListenerEndpointContainer#1-0-C-1] INFO  ConsumerCoordinator    - [Consumer clientId=consumer-raffle-group-3, groupId=raffle-group] Request joining group due to: consumer pro-actively leaving the group
24-08-02.13:18:43.959 [org.springframework.kafka.KafkaListenerEndpointContainer#2-0-C-1] INFO  ConsumerCoordinator    - [Consumer clientId=consumer-raffle-group-1, groupId=raffle-group] Resetting generation due to: consumer pro-actively leaving the group
24-08-02.13:18:43.959 [org.springframework.kafka.KafkaListenerEndpointContainer#2-0-C-1] INFO  ConsumerCoordinator    - [Consumer clientId=consumer-raffle-group-1, groupId=raffle-group] Request joining group due to: consumer pro-actively leaving the group
24-08-02.13:18:43.960 [org.springframework.kafka.KafkaListenerEndpointContainer#2-0-C-1] INFO  Metrics                - Metrics scheduler closed
24-08-02.13:18:43.960 [org.springframework.kafka.KafkaListenerEndpointContainer#1-0-C-1] INFO  Metrics                - Metrics scheduler closed
24-08-02.13:18:43.960 [org.springframework.kafka.KafkaListenerEndpointContainer#2-0-C-1] INFO  Metrics                - Closing reporter org.apache.kafka.common.metrics.JmxReporter
24-08-02.13:18:43.960 [org.springframework.kafka.KafkaListenerEndpointContainer#1-0-C-1] INFO  Metrics                - Closing reporter org.apache.kafka.common.metrics.JmxReporter
24-08-02.13:18:43.960 [org.springframework.kafka.KafkaListenerEndpointContainer#2-0-C-1] INFO  Metrics                - Metrics reporters closed
24-08-02.13:18:43.960 [org.springframework.kafka.KafkaListenerEndpointContainer#1-0-C-1] INFO  Metrics                - Metrics reporters closed
24-08-02.13:18:43.960 [org.springframework.kafka.KafkaListenerEndpointContainer#0-0-C-1] INFO  ConsumerCoordinator    - [Consumer clientId=consumer-raffle-group-2, groupId=raffle-group] Resetting generation due to: consumer pro-actively leaving the group
24-08-02.13:18:43.960 [org.springframework.kafka.KafkaListenerEndpointContainer#0-0-C-1] INFO  ConsumerCoordinator    - [Consumer clientId=consumer-raffle-group-2, groupId=raffle-group] Request joining group due to: consumer pro-actively leaving the group
24-08-02.13:18:43.960 [org.springframework.kafka.KafkaListenerEndpointContainer#0-0-C-1] INFO  Metrics                - Metrics scheduler closed
24-08-02.13:18:43.960 [org.springframework.kafka.KafkaListenerEndpointContainer#0-0-C-1] INFO  Metrics                - Closing reporter org.apache.kafka.common.metrics.JmxReporter
24-08-02.13:18:43.960 [org.springframework.kafka.KafkaListenerEndpointContainer#0-0-C-1] INFO  Metrics                - Metrics reporters closed
24-08-02.13:18:43.962 [org.springframework.kafka.KafkaListenerEndpointContainer#1-0-C-1] INFO  AppInfoParser          - App info kafka.consumer for consumer-raffle-group-3 unregistered
24-08-02.13:18:43.963 [org.springframework.kafka.KafkaListenerEndpointContainer#1-0-C-1] INFO  KafkaMessageListenerContainer - raffle-group: Consumer stopped
24-08-02.13:18:43.964 [org.springframework.kafka.KafkaListenerEndpointContainer#0-0-C-1] INFO  AppInfoParser          - App info kafka.consumer for consumer-raffle-group-2 unregistered
24-08-02.13:18:43.964 [org.springframework.kafka.KafkaListenerEndpointContainer#0-0-C-1] INFO  KafkaMessageListenerContainer - raffle-group: Consumer stopped
24-08-02.13:18:43.964 [org.springframework.kafka.KafkaListenerEndpointContainer#2-0-C-1] INFO  AppInfoParser          - App info kafka.consumer for consumer-raffle-group-1 unregistered
24-08-02.13:18:43.964 [org.springframework.kafka.KafkaListenerEndpointContainer#2-0-C-1] INFO  KafkaMessageListenerContainer - raffle-group: Consumer stopped
24-08-02.13:18:43.972 [SpringApplicationShutdownHook] INFO  KafkaProducer          - [Producer clientId=producer-1] Closing the Kafka producer with timeoutMillis = 30000 ms.
24-08-02.13:18:46.065 [kafka-producer-network-thread | producer-1] INFO  NetworkClient          - [Producer clientId=producer-1] Disconnecting from node 1 due to socket connection setup timeout. The timeout value is 18974 ms.
